<?xml version="1.0" encoding="UTF-8"?>
<testsuite xmlns:xsi="http://www.w3.org/2001/XMLSchema-instance" xsi:noNamespaceSchemaLocation="https://maven.apache.org/surefire/maven-surefire-plugin/xsd/surefire-test-report-3.0.xsd" version="3.0" name="com.coltefinanciera.itdashboard.identity.AdminControllerIntegrationTest" time="27.733" tests="2" errors="0" skipped="0" failures="0">
  <properties>
[...]
</properties>
  <testcase name="createUserWithRoleAssignmentPersistsUserRole" classname="com.coltefinanciera.itdashboard.identity.AdminControllerIntegrationTest" time="2.228">
    <system-out><![CDATA[19:13:54.923 [main] INFO org.springframework.test.context.support.AnnotationConfigContextLoaderUtils -- Could not detect default configuration classes for test class [com.coltefinanciera.itdashboard.identity.AdminControllerIntegrationTest]: AdminControllerIntegrationTest does not declare any static, non-private, non-final, nested classes annotated with @Configuration.
19:13:55.385 [main] INFO org.springframework.boot.test.context.SpringBootTestContextBootstrapper -- Found @SpringBootConfiguration com.coltefinanciera.itdashboard.ItDashboardApplication for test class com.coltefinanciera.itdashboard.identity.AdminControllerIntegrationTest

  .   ____          _            __ _ _
 /\\ / ___'_ __ _ _(_)_ __  __ _ \ \ \ \
( ( )\___ | '_ | '_| | '_ \/ _` | \ \ \ \
 \\/  ___)| |_)| | | | | || (_| |  ) ) ) )
  '  |____| .__|_| |_|_| |_\__, | / / / /
 =========|_|==============|___/=/_/_/_/

 :: Spring Boot ::                (v3.3.5)

2026-05-28T19:13:57.269-05:00  INFO 8960 --- [it-dashboard-backend] [           main] c.c.i.i.AdminControllerIntegrationTest   : Starting AdminControllerIntegrationTest using Java 21.0.11 with PID 8960 (started by bohor in C:\Users\bohor\OneDrive - Angex\Documents\JONATHAN\UNIVERSIDAD Y TRABAJO\TRABAJO\COLTEFINANCIERA\code\legacy\backend)
2026-05-28T19:13:57.271-05:00 DEBUG 8960 --- [it-dashboard-backend] [           main] c.c.i.i.AdminControllerIntegrationTest   : Running with Spring Boot v3.3.5, Spring v6.1.14
2026-05-28T19:13:57.272-05:00  INFO 8960 --- [it-dashboard-backend] [           main] c.c.i.i.AdminControllerIntegrationTest   : The following 1 profile is active: "local"
2026-05-28T19:14:00.682-05:00  INFO 8960 --- [it-dashboard-backend] [           main] .s.d.r.c.RepositoryConfigurationDelegate : Bootstrapping Spring Data JPA repositories in DEFAULT mode.
2026-05-28T19:14:01.026-05:00  INFO 8960 --- [it-dashboard-backend] [           main] .s.d.r.c.RepositoryConfigurationDelegate : Finished Spring Data repository scanning in 321 ms. Found 21 JPA repository interfaces.
2026-05-28T19:14:04.206-05:00  INFO 8960 --- [it-dashboard-backend] [           main] com.zaxxer.hikari.HikariDataSource       : ItDashboardHikariPool - Starting...
2026-05-28T19:14:04.938-05:00  INFO 8960 --- [it-dashboard-backend] [           main] com.zaxxer.hikari.pool.HikariPool        : ItDashboardHikariPool - Added connection oracle.jdbc.driver.T4CConnection@323e026d
2026-05-28T19:14:04.943-05:00  INFO 8960 --- [it-dashboard-backend] [           main] com.zaxxer.hikari.HikariDataSource       : ItDashboardHikariPool - Start completed.
2026-05-28T19:14:04.979-05:00  INFO 8960 --- [it-dashboard-backend] [           main] org.flywaydb.core.FlywayExecutor         : Database: jdbc:oracle:thin:@localhost:1521/XEPDB1 (Oracle 21.0)
2026-05-28T19:14:05.430-05:00  INFO 8960 --- [it-dashboard-backend] [           main] o.f.core.internal.command.DbValidate     : Successfully validated 1 migration (execution time 00:00.066s)
2026-05-28T19:14:05.461-05:00  INFO 8960 --- [it-dashboard-backend] [           main] o.f.core.internal.command.DbMigrate      : Current version of schema "APP_CURSOR": 1
2026-05-28T19:14:05.467-05:00  INFO 8960 --- [it-dashboard-backend] [           main] o.f.core.internal.command.DbMigrate      : Schema "APP_CURSOR" is up to date. No migration necessary.
2026-05-28T19:14:05.781-05:00  INFO 8960 --- [it-dashboard-backend] [           main] o.hibernate.jpa.internal.util.LogHelper  : HHH000204: Processing PersistenceUnitInfo [name: default]
2026-05-28T19:14:06.006-05:00  INFO 8960 --- [it-dashboard-backend] [           main] org.hibernate.Version                    : HHH000412: Hibernate ORM core version 6.5.3.Final
2026-05-28T19:14:06.096-05:00  INFO 8960 --- [it-dashboard-backend] [           main] o.h.c.internal.RegionFactoryInitiator    : HHH000026: Second-level cache disabled
2026-05-28T19:14:07.079-05:00  INFO 8960 --- [it-dashboard-backend] [           main] o.s.o.j.p.SpringPersistenceUnitInfo      : No LoadTimeWeaver setup: ignoring JPA class transformer
2026-05-28T19:14:07.223-05:00  WARN 8960 --- [it-dashboard-backend] [           main] org.hibernate.orm.deprecation            : HHH90000025: OracleDialect does not need to be specified explicitly using 'hibernate.dialect' (remove the property setting and it will be selected by default)
2026-05-28T19:14:11.614-05:00  INFO 8960 --- [it-dashboard-backend] [           main] o.h.e.t.j.p.i.JtaPlatformInitiator       : HHH000489: No JTA platform available (set 'hibernate.transaction.jta.platform' to enable JTA platform integration)
2026-05-28T19:14:11.890-05:00  INFO 8960 --- [it-dashboard-backend] [           main] j.LocalContainerEntityManagerFactoryBean : Initialized JPA EntityManagerFactory for persistence unit 'default'
2026-05-28T19:14:12.980-05:00  INFO 8960 --- [it-dashboard-backend] [           main] o.s.d.j.r.query.QueryEnhancerFactory     : Hibernate is in classpath; If applicable, HQL parser will be used.
2026-05-28T19:14:17.529-05:00  INFO 8960 --- [it-dashboard-backend] [           main] r$InitializeUserDetailsManagerConfigurer : Global AuthenticationManager configured with UserDetailsService bean with name oracleUserDetailsService
2026-05-28T19:14:19.602-05:00  INFO 8960 --- [it-dashboard-backend] [           main] o.s.b.t.m.w.SpringBootMockServletContext : Initializing Spring TestDispatcherServlet ''
2026-05-28T19:14:19.604-05:00  INFO 8960 --- [it-dashboard-backend] [           main] o.s.t.web.servlet.TestDispatcherServlet  : Initializing Servlet ''
2026-05-28T19:14:19.605-05:00  INFO 8960 --- [it-dashboard-backend] [           main] o.s.t.web.servlet.TestDispatcherServlet  : Completed initialization in 1 ms
2026-05-28T19:14:19.698-05:00  INFO 8960 --- [it-dashboard-backend] [           main] c.c.i.i.AdminControllerIntegrationTest   : Started AdminControllerIntegrationTest in 23.729 seconds (process running for 26.935)

MockHttpServletRequest:
      HTTP Method = POST
      Request URI = /api/v1/admin/users
       Parameters = {}
          Headers = [Content-Type:"application/json;charset=UTF-8", Authorization:"Bearer eyJhbGciOiJIUzI1NiJ9.eyJpc3MiOiJjb2x0ZWZpbmFuY2llcmEtaXQtZGFzaGJvYXJkIiwic3ViIjoiYWRtaW4iLCJ1aWQiOjEsIm5hbWUiOiJBZG1pbmlzdHJhZG9yIExvY2FsIiwicGVybWlzc2lvbnMiOlsic2VjdXJpdHk6YWRtaW4iLCJyZXBvcnRzOnJlYWQiXSwiaWF0IjoxNzgwMDEzNjYwLCJleHAiOjE3ODAwMTcyNjB9.IFp8B3LFv-VPHiEV-x00LOxKuOPtGnM0jXRArLrF2oQ", Content-Length:"187"]
             Body = {
  "username": "qa.user.ea9d489b",
  "email": "qa.user.ea9d489b@local.dev",
  "fullName": "QA User ea9d489b",
  "password": "TestPass123!",
  "active": true,
  "roleCodes": ["VIEWER"]
}

    Session Attrs = {}

Handler:
             Type = com.coltefinanciera.itdashboard.identity.controller.AdminController
           Method = com.coltefinanciera.itdashboard.identity.controller.AdminController#createUser(CreateUserRequest)

Async:
    Async started = false
     Async result = null

Resolved Exception:
             Type = null

ModelAndView:
        View name = null
             View = null
            Model = null

FlashMap:
       Attributes = null

MockHttpServletResponse:
           Status = 200
    Error message = null
          Headers = [Vary:"Origin", "Access-Control-Request-Method", "Access-Control-Request-Headers", Content-Type:"application/json", X-Content-Type-Options:"nosniff", X-XSS-Protection:"0", Cache-Control:"no-cache, no-store, max-age=0, must-revalidate", Pragma:"no-cache", Expires:"0", X-Frame-Options:"DENY"]
     Content type = application/json
             Body = {"code":0,"message":"Consulta realizada exitosamente","userMessage":"Operación realizada exitosamente","data":{"userId":8,"username":"qa.user.ea9d489b","email":"qa.user.ea9d489b@local.dev","fullName":"QA User ea9d489b","active":true,"roles":[{"id":5,"code":"VIEWER","name":"Consulta","active":true}],"effectivePermissions":["assignments:read","committee:read","kanban:read","logs:read","okrs:read","project-updates:read","projects:read","reports:read","teams:read"]}}
    Forwarded URL = null
   Redirected URL = null
          Cookies = []

MockHttpServletRequest:
      HTTP Method = GET
      Request URI = /api/v1/admin/users/8
       Parameters = {}
          Headers = [Authorization:"Bearer eyJhbGciOiJIUzI1NiJ9.eyJpc3MiOiJjb2x0ZWZpbmFuY2llcmEtaXQtZGFzaGJvYXJkIiwic3ViIjoiYWRtaW4iLCJ1aWQiOjEsIm5hbWUiOiJBZG1pbmlzdHJhZG9yIExvY2FsIiwicGVybWlzc2lvbnMiOlsic2VjdXJpdHk6YWRtaW4iLCJyZXBvcnRzOnJlYWQiXSwiaWF0IjoxNzgwMDEzNjYwLCJleHAiOjE3ODAwMTcyNjB9.IFp8B3LFv-VPHiEV-x00LOxKuOPtGnM0jXRArLrF2oQ"]
             Body = null
    Session Attrs = {}

Handler:
             Type = com.coltefinanciera.itdashboard.identity.controller.AdminController
           Method = com.coltefinanciera.itdashboard.identity.controller.AdminController#user(Long)

Async:
    Async started = false
     Async result = null

Resolved Exception:
             Type = null

ModelAndView:
        View name = null
             View = null
            Model = null

FlashMap:
       Attributes = null

MockHttpServletResponse:
           Status = 200
    Error message = null
          Headers = [Vary:"Origin", "Access-Control-Request-Method", "Access-Control-Request-Headers", Content-Type:"application/json", X-Content-Type-Options:"nosniff", X-XSS-Protection:"0", Cache-Control:"no-cache, no-store, max-age=0, must-revalidate", Pragma:"no-cache", Expires:"0", X-Frame-Options:"DENY"]
     Content type = application/json
             Body = {"code":0,"message":"Consulta realizada exitosamente","userMessage":"Operación realizada exitosamente","data":{"userId":8,"username":"qa.user.ea9d489b","email":"qa.user.ea9d489b@local.dev","fullName":"QA User ea9d489b","active":true,"roles":[{"id":5,"code":"VIEWER","name":"Consulta","active":true}],"effectivePermissions":["assignments:read","committee:read","kanban:read","logs:read","okrs:read","project-updates:read","projects:read","reports:read","teams:read"]}}
    Forwarded URL = null
   Redirected URL = null
          Cookies = []
]]></system-out>
    <system-err><![CDATA[WARNING: A Java agent has been loaded dynamically (C:\Users\bohor\.m2\repository\net\bytebuddy\byte-buddy-agent\1.14.19\byte-buddy-agent-1.14.19.jar)
WARNING: If a serviceability tool is in use, please run with -XX:+EnableDynamicAgentLoading to hide this warning
WARNING: If a serviceability tool is not in use, please run with -Djdk.instrument.traceUsage for more information
WARNING: Dynamic loading of agents will be disallowed by default in a future release
]]></system-err>
  </testcase>
  <testcase name="assignRolePermissionsPersistsRolePermission" classname="com.coltefinanciera.itdashboard.identity.AdminControllerIntegrationTest" time="0.154">
    <system-out><![CDATA[
MockHttpServletRequest:
      HTTP Method = PUT
      Request URI = /api/v1/admin/roles/7/permissions
       Parameters = {}
          Headers = [Content-Type:"application/json;charset=UTF-8", Authorization:"Bearer eyJhbGciOiJIUzI1NiJ9.eyJpc3MiOiJjb2x0ZWZpbmFuY2llcmEtaXQtZGFzaGJvYXJkIiwic3ViIjoiYWRtaW4iLCJ1aWQiOjEsIm5hbWUiOiJBZG1pbmlzdHJhZG9yIExvY2FsIiwicGVybWlzc2lvbnMiOlsic2VjdXJpdHk6YWRtaW4iLCJyZXBvcnRzOnJlYWQiXSwiaWF0IjoxNzgwMDEzNjYxLCJleHAiOjE3ODAwMTcyNjF9.aZL-F7xg430PWjUWfb0sQi5yLxBr-7KSGgQ7Mqy1bQ8", Content-Length:"59"]
             Body = {
  "permissionCodes": ["projects:read", "reports:read"]
}

    Session Attrs = {}

Handler:
             Type = com.coltefinanciera.itdashboard.identity.controller.AdminController
           Method = com.coltefinanciera.itdashboard.identity.controller.AdminController#assignRolePermissions(Long, AssignPermissionsRequest)

Async:
    Async started = false
     Async result = null

Resolved Exception:
             Type = null

ModelAndView:
        View name = null
             View = null
            Model = null

FlashMap:
       Attributes = null

MockHttpServletResponse:
           Status = 200
    Error message = null
          Headers = [Vary:"Origin", "Access-Control-Request-Method", "Access-Control-Request-Headers", Content-Type:"application/json", X-Content-Type-Options:"nosniff", X-XSS-Protection:"0", Cache-Control:"no-cache, no-store, max-age=0, must-revalidate", Pragma:"no-cache", Expires:"0", X-Frame-Options:"DENY"]
     Content type = application/json
             Body = {"code":0,"message":"Consulta realizada exitosamente","userMessage":"Operación realizada exitosamente","data":{"id":7,"code":"QA_PERM_84308BE4","name":"QA Role Permissions","description":"Integration test role","active":true,"permissionCodes":["projects:read","reports:read"]}}
    Forwarded URL = null
   Redirected URL = null
          Cookies = []
]]></system-out>
  </testcase>
</testsuite>