<?xml version="1.0" encoding="UTF-8"?>
<testsuite xmlns:xsi="http://www.w3.org/2001/XMLSchema-instance" xsi:noNamespaceSchemaLocation="https://maven.apache.org/surefire/maven-surefire-plugin/xsd/surefire-test-report-3.0.xsd" version="3.0" name="com.coltefinanciera.itdashboard.identity.AdminControllerIntegrationTest" time="18.973" tests="3" errors="0" skipped="0" failures="0">
  <properties>
[...]
</properties>
  <testcase name="adminRolesEndpoint" classname="com.coltefinanciera.itdashboard.identity.AdminControllerIntegrationTest" time="1.268">
    <system-out><![CDATA[16:28:04.127 [main] INFO org.springframework.test.context.support.AnnotationConfigContextLoaderUtils -- Could not detect default configuration classes for test class [com.coltefinanciera.itdashboard.identity.AdminControllerIntegrationTest]: AdminControllerIntegrationTest does not declare any static, non-private, non-final, nested classes annotated with @Configuration.
16:28:04.350 [main] INFO org.springframework.boot.test.context.SpringBootTestContextBootstrapper -- Found @SpringBootConfiguration com.coltefinanciera.itdashboard.ItDashboardApplication for test class com.coltefinanciera.itdashboard.identity.AdminControllerIntegrationTest

  .   ____          _            __ _ _
 /\\ / ___'_ __ _ _(_)_ __  __ _ \ \ \ \
( ( )\___ | '_ | '_| | '_ \/ _` | \ \ \ \
 \\/  ___)| |_)| | | | | || (_| |  ) ) ) )
  '  |____| .__|_| |_|_| |_\__, | / / / /
 =========|_|==============|___/=/_/_/_/

 :: Spring Boot ::                (v3.3.5)

2026-05-28T16:28:05.260-05:00  INFO 24472 --- [it-dashboard-backend] [           main] c.c.i.i.AdminControllerIntegrationTest   : Starting AdminControllerIntegrationTest using Java 21.0.11 with PID 24472 (started by bohor in C:\Users\bohor\OneDrive - Angex\Documents\JONATHAN\UNIVERSIDAD Y TRABAJO\TRABAJO\COLTEFINANCIERA\code\legacy\backend)
2026-05-28T16:28:05.262-05:00 DEBUG 24472 --- [it-dashboard-backend] [           main] c.c.i.i.AdminControllerIntegrationTest   : Running with Spring Boot v3.3.5, Spring v6.1.14
2026-05-28T16:28:05.263-05:00  INFO 24472 --- [it-dashboard-backend] [           main] c.c.i.i.AdminControllerIntegrationTest   : The following 1 profile is active: "local"
2026-05-28T16:28:07.417-05:00  INFO 24472 --- [it-dashboard-backend] [           main] .s.d.r.c.RepositoryConfigurationDelegate : Bootstrapping Spring Data JPA repositories in DEFAULT mode.
2026-05-28T16:28:07.724-05:00  INFO 24472 --- [it-dashboard-backend] [           main] .s.d.r.c.RepositoryConfigurationDelegate : Finished Spring Data repository scanning in 296 ms. Found 21 JPA repository interfaces.
2026-05-28T16:28:10.075-05:00  INFO 24472 --- [it-dashboard-backend] [           main] com.zaxxer.hikari.HikariDataSource       : ItDashboardHikariPool - Starting...
2026-05-28T16:28:10.644-05:00  INFO 24472 --- [it-dashboard-backend] [           main] com.zaxxer.hikari.pool.HikariPool        : ItDashboardHikariPool - Added connection oracle.jdbc.driver.T4CConnection@5df2023c
2026-05-28T16:28:10.647-05:00  INFO 24472 --- [it-dashboard-backend] [           main] com.zaxxer.hikari.HikariDataSource       : ItDashboardHikariPool - Start completed.
2026-05-28T16:28:10.676-05:00  INFO 24472 --- [it-dashboard-backend] [           main] org.flywaydb.core.FlywayExecutor         : Database: jdbc:oracle:thin:@localhost:1521/XEPDB1 (Oracle 21.0)
2026-05-28T16:28:11.063-05:00  INFO 24472 --- [it-dashboard-backend] [           main] o.f.core.internal.command.DbValidate     : Successfully validated 1 migration (execution time 00:00.052s)
2026-05-28T16:28:11.085-05:00  INFO 24472 --- [it-dashboard-backend] [           main] o.f.core.internal.command.DbMigrate      : Current version of schema "APP_CURSOR": 1
2026-05-28T16:28:11.091-05:00  INFO 24472 --- [it-dashboard-backend] [           main] o.f.core.internal.command.DbMigrate      : Schema "APP_CURSOR" is up to date. No migration necessary.
2026-05-28T16:28:11.371-05:00  INFO 24472 --- [it-dashboard-backend] [           main] o.hibernate.jpa.internal.util.LogHelper  : HHH000204: Processing PersistenceUnitInfo [name: default]
2026-05-28T16:28:11.534-05:00  INFO 24472 --- [it-dashboard-backend] [           main] org.hibernate.Version                    : HHH000412: Hibernate ORM core version 6.5.3.Final
2026-05-28T16:28:11.663-05:00  INFO 24472 --- [it-dashboard-backend] [           main] o.h.c.internal.RegionFactoryInitiator    : HHH000026: Second-level cache disabled
2026-05-28T16:28:12.524-05:00  INFO 24472 --- [it-dashboard-backend] [           main] o.s.o.j.p.SpringPersistenceUnitInfo      : No LoadTimeWeaver setup: ignoring JPA class transformer
2026-05-28T16:28:12.656-05:00  WARN 24472 --- [it-dashboard-backend] [           main] org.hibernate.orm.deprecation            : HHH90000025: OracleDialect does not need to be specified explicitly using 'hibernate.dialect' (remove the property setting and it will be selected by default)
2026-05-28T16:28:16.066-05:00  INFO 24472 --- [it-dashboard-backend] [           main] o.h.e.t.j.p.i.JtaPlatformInitiator       : HHH000489: No JTA platform available (set 'hibernate.transaction.jta.platform' to enable JTA platform integration)
2026-05-28T16:28:16.289-05:00  INFO 24472 --- [it-dashboard-backend] [           main] j.LocalContainerEntityManagerFactoryBean : Initialized JPA EntityManagerFactory for persistence unit 'default'
2026-05-28T16:28:16.980-05:00  INFO 24472 --- [it-dashboard-backend] [           main] o.s.d.j.r.query.QueryEnhancerFactory     : Hibernate is in classpath; If applicable, HQL parser will be used.
2026-05-28T16:28:19.913-05:00  INFO 24472 --- [it-dashboard-backend] [           main] r$InitializeUserDetailsManagerConfigurer : Global AuthenticationManager configured with UserDetailsService bean with name oracleUserDetailsService
2026-05-28T16:28:21.376-05:00  INFO 24472 --- [it-dashboard-backend] [           main] o.s.b.t.m.w.SpringBootMockServletContext : Initializing Spring TestDispatcherServlet ''
2026-05-28T16:28:21.377-05:00  INFO 24472 --- [it-dashboard-backend] [           main] o.s.t.web.servlet.TestDispatcherServlet  : Initializing Servlet ''
2026-05-28T16:28:21.379-05:00  INFO 24472 --- [it-dashboard-backend] [           main] o.s.t.web.servlet.TestDispatcherServlet  : Completed initialization in 2 ms
2026-05-28T16:28:21.428-05:00  INFO 24472 --- [it-dashboard-backend] [           main] c.c.i.i.AdminControllerIntegrationTest   : Started AdminControllerIntegrationTest in 16.843 seconds (process running for 18.688)

MockHttpServletRequest:
      HTTP Method = GET
      Request URI = /api/v1/admin/roles
       Parameters = {page=[0], size=[50], sort=[name,asc]}
          Headers = [Authorization:"Bearer eyJhbGciOiJIUzI1NiJ9.eyJpc3MiOiJjb2x0ZWZpbmFuY2llcmEtaXQtZGFzaGJvYXJkIiwic3ViIjoiYWRtaW4iLCJ1aWQiOjEsIm5hbWUiOiJBZG1pbmlzdHJhZG9yIExvY2FsIiwicGVybWlzc2lvbnMiOlsicmVwb3J0czpyZWFkIiwic2VjdXJpdHk6YWRtaW4iXSwiaWF0IjoxNzgwMDAzNzAyLCJleHAiOjE3ODAwMDczMDJ9.8GqiJCzKZEpNnE0YoZ3hSmqmdtNwiD09NUb276DzzQ8"]
             Body = null
    Session Attrs = {}

Handler:
             Type = com.coltefinanciera.itdashboard.identity.controller.AdminController
           Method = com.coltefinanciera.itdashboard.identity.controller.AdminController#roles(Pageable)

Async:
    Async started = false
     Async result = null

Resolved Exception:
             Type = null

ModelAndView:
        View name = null
             View = null
            Model = null

FlashMap:
       Attributes = null

MockHttpServletResponse:
           Status = 200
    Error message = null
          Headers = [Vary:"Origin", "Access-Control-Request-Method", "Access-Control-Request-Headers", Content-Type:"application/json", X-Content-Type-Options:"nosniff", X-XSS-Protection:"0", Cache-Control:"no-cache, no-store, max-age=0, must-revalidate", Pragma:"no-cache", Expires:"0", X-Frame-Options:"DENY"]
     Content type = application/json
             Body = {"code":0,"message":"Consulta realizada exitosamente","userMessage":"Operación realizada exitosamente","data":{"content":[{"id":1,"code":"ADMIN","name":"Administrador","description":"Administración total de la plataforma","active":true,"permissionCodes":["assignments:create","assignments:delete","assignments:read","assignments:update","catalogs:admin","committee:read","kanban:create","kanban:delete","kanban:read","kanban:update","logs:create","logs:delete","logs:read","migration:execute","okrs:read","okrs:update","project-updates:create","project-updates:delete","project-updates:read","projects:create","projects:delete","projects:read","projects:update","reports:read","security:admin","teams:create","teams:delete","teams:read","teams:update"]},{"id":5,"code":"VIEWER","name":"Consulta","description":"Solo lectura","active":true,"permissionCodes":["assignments:read","committee:read","kanban:read","logs:read","okrs:read","project-updates:read","projects:read","reports:read","teams:read"]},{"id":2,"code":"COORDINATOR","name":"Coordinador","description":"Gestión integral de portafolio y seguimiento","active":true,"permissionCodes":["assignments:create","assignments:delete","assignments:read","assignments:update","catalogs:admin","committee:read","kanban:create","kanban:delete","kanban:read","kanban:update","logs:create","logs:delete","logs:read","migration:execute","okrs:read","okrs:update","project-updates:create","project-updates:delete","project-updates:read","projects:create","projects:delete","projects:read","projects:update","reports:read","teams:create","teams:delete","teams:read","teams:update"]},{"id":4,"code":"EXECUTIVE","name":"Ejecutivo","description":"Consulta ejecutiva y vista comité","active":true,"permissionCodes":["assignments:read","committee:read","kanban:read","logs:read","okrs:read","project-updates:read","projects:read","reports:read","teams:read"]},{"id":3,"code":"TECH_LEAD","name":"Líder técnico","description":"Gestión de proyectos asignados y actividades","active":true,"permissionCodes":["assignments:read","kanban:create","kanban:read","kanban:update","logs:create","logs:read","okrs:read","project-updates:create","project-updates:read","projects:read","teams:read"]}],"page":0,"size":50,"totalElements":5,"totalPages":1}}
    Forwarded URL = null
   Redirected URL = null
          Cookies = []
]]></system-out>
    <system-err><![CDATA[WARNING: A Java agent has been loaded dynamically (C:\Users\bohor\.m2\repository\net\bytebuddy\byte-buddy-agent\1.14.19\byte-buddy-agent-1.14.19.jar)
WARNING: If a serviceability tool is in use, please run with -XX:+EnableDynamicAgentLoading to hide this warning
WARNING: If a serviceability tool is not in use, please run with -Djdk.instrument.traceUsage for more information
WARNING: Dynamic loading of agents will be disallowed by default in a future release
]]></system-err>
  </testcase>
  <testcase name="adminRolesForbiddenWithoutPermission" classname="com.coltefinanciera.itdashboard.identity.AdminControllerIntegrationTest" time="0.034">
    <system-out><![CDATA[2026-05-28T16:28:22.741-05:00  WARN 24472 --- [it-dashboard-backend] [           main] c.c.i.s.e.GlobalExceptionHandler         : Access denied at GET /api/v1/admin/roles: Access Denied

MockHttpServletRequest:
      HTTP Method = GET
      Request URI = /api/v1/admin/roles
       Parameters = {page=[0], size=[50]}
          Headers = [Authorization:"Bearer eyJhbGciOiJIUzI1NiJ9.eyJpc3MiOiJjb2x0ZWZpbmFuY2llcmEtaXQtZGFzaGJvYXJkIiwic3ViIjoiYWRtaW4iLCJ1aWQiOjEsIm5hbWUiOiJBZG1pbmlzdHJhZG9yIExvY2FsIiwicGVybWlzc2lvbnMiOlsicmVwb3J0czpyZWFkIl0sImlhdCI6MTc4MDAwMzcwMiwiZXhwIjoxNzgwMDA3MzAyfQ.akJ23w-PxlQTXLQvGh0ko0MEtJhIGDJrjc_W1l1kLzs"]
             Body = null
    Session Attrs = {}

Handler:
             Type = com.coltefinanciera.itdashboard.identity.controller.AdminController
           Method = com.coltefinanciera.itdashboard.identity.controller.AdminController#roles(Pageable)

Async:
    Async started = false
     Async result = null

Resolved Exception:
             Type = org.springframework.security.authorization.AuthorizationDeniedException

ModelAndView:
        View name = null
             View = null
            Model = null

FlashMap:
       Attributes = null

MockHttpServletResponse:
           Status = 403
    Error message = null
          Headers = [Vary:"Origin", "Access-Control-Request-Method", "Access-Control-Request-Headers", Content-Type:"application/json", X-Content-Type-Options:"nosniff", X-XSS-Protection:"0", Cache-Control:"no-cache, no-store, max-age=0, must-revalidate", Pragma:"no-cache", Expires:"0", X-Frame-Options:"DENY"]
     Content type = application/json
             Body = {"code":40301,"message":"Permisos insuficientes para ejecutar la operación","userMessage":"No tiene permisos para ejecutar esta operación","data":{"traceCode":"SECURITY-40301","module":"SECURITY","process":"GET /api/v1/admin/roles"}}
    Forwarded URL = null
   Redirected URL = null
          Cookies = []
]]></system-out>
  </testcase>
  <testcase name="adminPermissionsEndpoint" classname="com.coltefinanciera.itdashboard.identity.AdminControllerIntegrationTest" time="0.042">
    <system-out><![CDATA[
MockHttpServletRequest:
      HTTP Method = GET
      Request URI = /api/v1/admin/permissions
       Parameters = {}
          Headers = [Authorization:"Bearer eyJhbGciOiJIUzI1NiJ9.eyJpc3MiOiJjb2x0ZWZpbmFuY2llcmEtaXQtZGFzaGJvYXJkIiwic3ViIjoiYWRtaW4iLCJ1aWQiOjEsIm5hbWUiOiJBZG1pbmlzdHJhZG9yIExvY2FsIiwicGVybWlzc2lvbnMiOlsic2VjdXJpdHk6YWRtaW4iXSwiaWF0IjoxNzgwMDAzNzAyLCJleHAiOjE3ODAwMDczMDJ9.D-Q19aslgD7N58q4NDIvrlEBAkBY89HCPZvn1EUvQAY"]
             Body = null
    Session Attrs = {}

Handler:
             Type = com.coltefinanciera.itdashboard.identity.controller.AdminController
           Method = com.coltefinanciera.itdashboard.identity.controller.AdminController#permissions()

Async:
    Async started = false
     Async result = null

Resolved Exception:
             Type = null

ModelAndView:
        View name = null
             View = null
            Model = null

FlashMap:
       Attributes = null

MockHttpServletResponse:
           Status = 200
    Error message = null
          Headers = [Vary:"Origin", "Access-Control-Request-Method", "Access-Control-Request-Headers", Content-Type:"application/json", X-Content-Type-Options:"nosniff", X-XSS-Protection:"0", Cache-Control:"no-cache, no-store, max-age=0, must-revalidate", Pragma:"no-cache", Expires:"0", X-Frame-Options:"DENY"]
     Content type = application/json
             Body = {"code":0,"message":"Consulta realizada exitosamente","userMessage":"Operación realizada exitosamente","data":[{"module":"assignments","label":"Assignments","permissions":[{"id":17,"code":"assignments:create","module":"assignments","action":"create","description":"Crear asignaciones","active":true},{"id":19,"code":"assignments:delete","module":"assignments","action":"delete","description":"Eliminar asignaciones","active":true},{"id":16,"code":"assignments:read","module":"assignments","action":"read","description":"Consultar asignaciones","active":true},{"id":18,"code":"assignments:update","module":"assignments","action":"update","description":"Actualizar asignaciones","active":true}]},{"module":"catalogs","label":"Catalogs","permissions":[{"id":29,"code":"catalogs:admin","module":"catalogs","action":"admin","description":"Administrar catálogos","active":true}]},{"module":"committee","label":"Committee","permissions":[{"id":25,"code":"committee:read","module":"committee","action":"read","description":"Consultar vista comité","active":true}]},{"module":"kanban","label":"Kanban","permissions":[{"id":9,"code":"kanban:create","module":"kanban","action":"create","description":"Crear actividades Kanban","active":true},{"id":11,"code":"kanban:delete","module":"kanban","action":"delete","description":"Eliminar actividades Kanban","active":true},{"id":8,"code":"kanban:read","module":"kanban","action":"read","description":"Consultar Kanban","active":true},{"id":10,"code":"kanban:update","module":"kanban","action":"update","description":"Actualizar actividades Kanban","active":true}]},{"module":"logs","label":"Logs","permissions":[{"id":23,"code":"logs:create","module":"logs","action":"create","description":"Crear bitácora","active":true},{"id":24,"code":"logs:delete","module":"logs","action":"delete","description":"Eliminar bitácora","active":true},{"id":22,"code":"logs:read","module":"logs","action":"read","description":"Consultar bitácora","active":true}]},{"module":"migration","label":"Migration","permissions":[{"id":27,"code":"migration:execute","module":"migration","action":"execute","description":"Ejecutar migraciones legacy","active":true}]},{"module":"okrs","label":"Okrs","permissions":[{"id":20,"code":"okrs:read","module":"okrs","action":"read","description":"Consultar OKRs","active":true},{"id":21,"code":"okrs:update","module":"okrs","action":"update","description":"Actualizar OKRs","active":true}]},{"module":"project-updates","label":"Project updates","permissions":[{"id":6,"code":"project-updates:create","module":"project-updates","action":"create","description":"Crear actualizaciones append-only","active":true},{"id":7,"code":"project-updates:delete","module":"project-updates","action":"delete","description":"Ocultar actualizaciones administrativamente","active":true},{"id":5,"code":"project-updates:read","module":"project-updates","action":"read","description":"Consultar actualizaciones","active":true}]},{"module":"projects","label":"Projects","permissions":[{"id":2,"code":"projects:create","module":"projects","action":"create","description":"Crear proyectos","active":true},{"id":4,"code":"projects:delete","module":"projects","action":"delete","description":"Eliminar proyectos","active":true},{"id":1,"code":"projects:read","module":"projects","action":"read","description":"Consultar proyectos","active":true},{"id":3,"code":"projects:update","module":"projects","action":"update","description":"Actualizar proyectos","active":true}]},{"module":"reports","label":"Reports","permissions":[{"id":26,"code":"reports:read","module":"reports","action":"read","description":"Consultar reportes","active":true}]},{"module":"security","label":"Security","permissions":[{"id":28,"code":"security:admin","module":"security","action":"admin","description":"Administrar seguridad","active":true}]},{"module":"teams","label":"Teams","permissions":[{"id":13,"code":"teams:create","module":"teams","action":"create","description":"Crear miembros","active":true},{"id":15,"code":"teams:delete","module":"teams","action":"delete","description":"Eliminar miembros","active":true},{"id":12,"code":"teams:read","module":"teams","action":"read","description":"Consultar equipos","active":true},{"id":14,"code":"teams:update","module":"teams","action":"update","description":"Actualizar miembros","active":true}]}]}
    Forwarded URL = null
   Redirected URL = null
          Cookies = []
]]></system-out>
  </testcase>
</testsuite>