<?xml version="1.0" encoding="UTF-8"?>
<testsuite xmlns:xsi="http://www.w3.org/2001/XMLSchema-instance" xsi:noNamespaceSchemaLocation="https://maven.apache.org/surefire/maven-surefire-plugin/xsd/surefire-test-report-3.0.xsd" version="3.0" name="com.coltefinanciera.itdashboard.identity.AuthLoginIntegrationTest" time="0.08" tests="3" errors="0" skipped="1" failures="0">
  <properties>
[...]
</properties>
  <testcase name="loginWithInvalidEmailIsRejected" classname="com.coltefinanciera.itdashboard.identity.AuthLoginIntegrationTest" time="0.035">
    <system-out><![CDATA[2026-05-29T19:48:36.926-05:00  INFO 2816 --- [it-dashboard-backend] [           main] t.c.s.AnnotationConfigContextLoaderUtils : Could not detect default configuration classes for test class [com.coltefinanciera.itdashboard.identity.AuthLoginIntegrationTest]: AuthLoginIntegrationTest does not declare any static, non-private, non-final, nested classes annotated with @Configuration.
2026-05-29T19:48:36.931-05:00  INFO 2816 --- [it-dashboard-backend] [           main] .b.t.c.SpringBootTestContextBootstrapper : Found @SpringBootConfiguration com.coltefinanciera.itdashboard.ItDashboardApplication for test class com.coltefinanciera.itdashboard.identity.AuthLoginIntegrationTest

MockHttpServletRequest:
      HTTP Method = POST
      Request URI = /api/v1/auth/login
       Parameters = {}
          Headers = [Content-Type:"application/json;charset=UTF-8", Content-Length:"56"]
             Body = {
  "email": "not-an-email",
  "password": "admin123"
}

    Session Attrs = {}

Handler:
             Type = com.coltefinanciera.itdashboard.identity.controller.AuthController
           Method = com.coltefinanciera.itdashboard.identity.controller.AuthController#login(LoginRequest)

Async:
    Async started = false
     Async result = null

Resolved Exception:
             Type = org.springframework.web.bind.MethodArgumentNotValidException

ModelAndView:
        View name = null
             View = null
            Model = null

FlashMap:
       Attributes = null

MockHttpServletResponse:
           Status = 422
    Error message = null
          Headers = [Vary:"Origin", "Access-Control-Request-Method", "Access-Control-Request-Headers", Content-Type:"application/json", X-Content-Type-Options:"nosniff", X-XSS-Protection:"0", Cache-Control:"no-cache, no-store, max-age=0, must-revalidate", Pragma:"no-cache", Expires:"0", X-Frame-Options:"DENY"]
     Content type = application/json
             Body = {"code":42202,"message":"Debe ser un email válido","userMessage":"Los datos enviados no cumplen las validaciones requeridas","data":{"traceCode":"GLOBAL-42202","module":"GLOBAL","process":"POST /api/v1/auth/login","details":[{"field":"email","message":"Debe ser un email válido"}]}}
    Forwarded URL = null
   Redirected URL = null
          Cookies = []
]]></system-out>
  </testcase>
  <testcase name="loginWithEmailSucceeds" classname="com.coltefinanciera.itdashboard.identity.AuthLoginIntegrationTest" time="0.0">
    <skipped type="org.opentest4j.TestAbortedException"><![CDATA[org.opentest4j.TestAbortedException: Assumption failed: Configure TEST_ADMIN_EMAIL and TEST_ADMIN_PASSWORD to run login E2E against Oracle
	at org.junit.jupiter.api.Assumptions.throwAssumptionFailed(Assumptions.java:316)
	at org.junit.jupiter.api.Assumptions.assumeTrue(Assumptions.java:115)
	at com.coltefinanciera.itdashboard.identity.AuthLoginIntegrationTest.loginWithEmailSucceeds(AuthLoginIntegrationTest.java:37)
	at java.base/java.lang.reflect.Method.invoke(Method.java:580)
	at java.base/java.util.ArrayList.forEach(ArrayList.java:1596)
	at java.base/java.util.ArrayList.forEach(ArrayList.java:1596)
]]></skipped>
  </testcase>
  <testcase name="loginWithUsernamePayloadIsRejected" classname="com.coltefinanciera.itdashboard.identity.AuthLoginIntegrationTest" time="0.016">
    <system-out><![CDATA[
MockHttpServletRequest:
      HTTP Method = POST
      Request URI = /api/v1/auth/login
       Parameters = {}
          Headers = [Content-Type:"application/json;charset=UTF-8", Content-Length:"52"]
             Body = {
  "username": "admin",
  "password": "admin123"
}

    Session Attrs = {}

Handler:
             Type = com.coltefinanciera.itdashboard.identity.controller.AuthController
           Method = com.coltefinanciera.itdashboard.identity.controller.AuthController#login(LoginRequest)

Async:
    Async started = false
     Async result = null

Resolved Exception:
             Type = org.springframework.web.bind.MethodArgumentNotValidException

ModelAndView:
        View name = null
             View = null
            Model = null

FlashMap:
       Attributes = null

MockHttpServletResponse:
           Status = 422
    Error message = null
          Headers = [Vary:"Origin", "Access-Control-Request-Method", "Access-Control-Request-Headers", Content-Type:"application/json", X-Content-Type-Options:"nosniff", X-XSS-Protection:"0", Cache-Control:"no-cache, no-store, max-age=0, must-revalidate", Pragma:"no-cache", Expires:"0", X-Frame-Options:"DENY"]
     Content type = application/json
             Body = {"code":42202,"message":"El email es obligatorio","userMessage":"Los datos enviados no cumplen las validaciones requeridas","data":{"traceCode":"GLOBAL-42202","module":"GLOBAL","process":"POST /api/v1/auth/login","details":[{"field":"email","message":"El email es obligatorio"}]}}
    Forwarded URL = null
   Redirected URL = null
          Cookies = []
]]></system-out>
  </testcase>
</testsuite>